This is pdfTeX, Version 3.14159265-2.6-1.40.20 (MiKTeX 2.9.7200 64-bit) (preloaded format=pdflatex 2019.10.26)  14 NOV 2019 09:39
entering extended mode
**"E:/B.Tech Report/acknowledgment.tex"
("E:/B.Tech Report/acknowledgment.tex"
LaTeX2e <2019-10-01> patch level 1
! Undefined control sequence.
l.14 \chapter
             *{\centering Acknowledgement}
? x
 
Here is how much of TeX's memory you used:
 8 strings out of 492453
 194 string characters out of 3129828
 58877 words of memory out of 3000000
 4465 multiletter control sequences out of 15000+200000
 3640 words of font info for 14 fonts, out of 3000000 for 9000
 1141 hyphenation exceptions out of 8191
 5i,0n,1p,99b,8s stack positions out of 5000i,500n,10000p,200000b,50000s
No pages of output.
PDF statistics:
 0 PDF objects out of 1000 (max. 8388607)
 0 named destinations out of 1000 (max. 500000)
 1 words of extra memory for PDF output out of 10000 (max. 10000000)

